npm WARN lifecycle minds@0.0.0~preinstall: cannot run in wd minds@0.0.0 git config core.hooksPath .git/hooks/ (wd=/var/www/Minds/front)

> bufferutil@4.0.2 install /var/www/Minds/front/node_modules/bufferutil
> node-gyp-build


> secp256k1@4.0.2 install /var/www/Minds/front/node_modules/ethereum-cryptography/node_modules/secp256k1
> node-gyp-build || exit 0


> keccak@3.0.1 install /var/www/Minds/front/node_modules/keccak
> node-gyp-build || exit 0


> utf-8-validate@5.0.3 install /var/www/Minds/front/node_modules/utf-8-validate
> node-gyp-build


> secp256k1@3.8.0 install /var/www/Minds/front/node_modules/secp256k1
> npm run rebuild || echo "Secp256k1 bindings compilation fail. Pure JS implementation will be used."


> secp256k1@3.8.0 rebuild /var/www/Minds/front/node_modules/secp256k1
> node-gyp rebuild

make: Entering directory '/var/www/Minds/front/node_modules/secp256k1/build'
  CXX(target) Release/obj.target/secp256k1/src/addon.o
In file included from ../src/addon.cc:1:
/root/.cache/node-gyp/13.14.0/include/node/node.h:618:43: warning: cast between incompatible function types from 'void (*)(Nan::ADDON_REGISTER_FUNCTION_ARGS_TYPE)' {aka 'void (*)(v8::Local<v8::Object>)'} to 'node::addon_register_func' {aka 'void (*)(v8::Local<v8::Object>, v8::Local<v8::Value>, void*)'} [-Wcast-function-type]
  618 |       (node::addon_register_func) (regfunc),                          \
      |                                           ^
/root/.cache/node-gyp/13.14.0/include/node/node.h:652:3: note: in expansion of macro 'NODE_MODULE_X'
  652 |   NODE_MODULE_X(modname, regfunc, NULL, 0)  // NOLINT (readability/null_usage)
      |   ^~~~~~~~~~~~~
../src/addon.cc:50:1: note: in expansion of macro 'NODE_MODULE'
   50 | NODE_MODULE(secp256k1, Init)
      | ^~~~~~~~~~~
  CXX(target) Release/obj.target/secp256k1/src/privatekey.o
../src/privatekey.cc: In function 'Nan::NAN_METHOD_RETURN_TYPE privateKeyNegate(Nan::NAN_METHOD_ARGS_TYPE)':
../src/privatekey.cc:73:30: warning: ignoring return value of 'int secp256k1_ec_privkey_negate(const secp256k1_context*, unsigned char*)', declared with attribute warn_unused_result [-Wunused-result]
   73 |   secp256k1_ec_privkey_negate(secp256k1ctx, &private_key[0]);
      |   ~~~~~~~~~~~~~~~~~~~~~~~~~~~^~~~~~~~~~~~~~~~~~~~~~~~~~~~~~~
  CXX(target) Release/obj.target/secp256k1/src/publickey.o
  CXX(target) Release/obj.target/secp256k1/src/signature.o
  CXX(target) Release/obj.target/secp256k1/src/ecdsa.o
../src/ecdsa.cc: In function 'Nan::NAN_METHOD_RETURN_TYPE sign(Nan::NAN_METHOD_ARGS_TYPE)':
../src/ecdsa.cc:88:131: warning: ignoring return value of 'v8::Maybe<bool> v8::Object::Set(v8::Local<v8::Context>, v8::Local<v8::Value>, v8::Local<v8::Value>)', declared with attribute warn_unused_result [-Wunused-result]
   88 |   obj->Set(info.GetIsolate()->GetCurrentContext(), Nan::New<v8::String>("signature").ToLocalChecked(), COPY_BUFFER(&output[0], 64));
      |                                                                                                                                   ^
In file included from /root/.cache/node-gyp/13.14.0/include/node/node.h:67,
                 from ../src/ecdsa.cc:1:
/root/.cache/node-gyp/13.14.0/include/node/v8.h:3547:37: note: declared here
 3547 |   V8_WARN_UNUSED_RESULT Maybe<bool> Set(Local<Context> context,
      |                                     ^~~
../src/ecdsa.cc:89:130: warning: ignoring return value of 'v8::Maybe<bool> v8::Object::Set(v8::Local<v8::Context>, v8::Local<v8::Value>, v8::Local<v8::Value>)', declared with attribute warn_unused_result [-Wunused-result]
   89 |   obj->Set(info.GetIsolate()->GetCurrentContext(), Nan::New<v8::String>("recovery").ToLocalChecked(), Nan::New<v8::Number>(recid));
      |                                                                                                                                  ^
In file included from /root/.cache/node-gyp/13.14.0/include/node/node.h:67,
                 from ../src/ecdsa.cc:1:
/root/.cache/node-gyp/13.14.0/include/node/v8.h:3547:37: note: declared here
 3547 |   V8_WARN_UNUSED_RESULT Maybe<bool> Set(Local<Context> context,
      |                                     ^~~
  CXX(target) Release/obj.target/secp256k1/src/ecdh.o
  CC(target) Release/obj.target/secp256k1/src/secp256k1-src/src/secp256k1.o
  CC(target) Release/obj.target/secp256k1/src/secp256k1-src/contrib/lax_der_parsing.o
  CC(target) Release/obj.target/secp256k1/src/secp256k1-src/contrib/lax_der_privatekey_parsing.o
  SOLINK_MODULE(target) Release/obj.target/secp256k1.node
  COPY Release/secp256k1.node
make: Leaving directory '/var/www/Minds/front/node_modules/secp256k1/build'

> node-sass@4.14.1 install /var/www/Minds/front/node_modules/node-sass
> node scripts/install.js

Cached binary found at /root/.npm/node-sass/4.14.1/linux_musl-x64-79_binding.node

> husky@3.1.0 install /var/www/Minds/front/node_modules/husky
> node husky install

husky > Setting up git hooks
husky > Done

> core-js@3.6.4 postinstall /var/www/Minds/front/node_modules/@angular-devkit/build-angular/node_modules/core-js
> node -e "try{require('./postinstall')}catch(e){}"

[96mThank you for using core-js ([94m https://github.com/zloirock/core-js [96m) for polyfilling JavaScript standard library![0m

[96mThe project needs your help! Please consider supporting of core-js on Open Collective or Patreon: [0m
[96m>[94m https://opencollective.com/core-js [0m
[96m>[94m https://www.patreon.com/zloirock [0m

[96mAlso, the author of core-js ([94m https://github.com/zloirock [96m) is looking for a good job -)[0m


> core-js@2.6.11 postinstall /var/www/Minds/front/node_modules/core-js
> node -e "try{require('./postinstall')}catch(e){}"

[96mThank you for using core-js ([94m https://github.com/zloirock/core-js [96m) for polyfilling JavaScript standard library![0m

[96mThe project needs your help! Please consider supporting of core-js on Open Collective or Patreon: [0m
[96m>[94m https://opencollective.com/core-js [0m
[96m>[94m https://www.patreon.com/zloirock [0m

[96mAlso, the author of core-js ([94m https://github.com/zloirock [96m) is looking for a good job -)[0m


> ejs@2.7.4 postinstall /var/www/Minds/front/node_modules/ejs
> node ./postinstall.js

Thank you for installing [35mEJS[0m: built with the [32mJake[0m JavaScript build tool ([32mhttps://jakejs.com/[0m)


> core-js@3.7.0 postinstall /var/www/Minds/front/node_modules/plyr/node_modules/core-js
> node -e "try{require('./postinstall')}catch(e){}"

[96mThank you for using core-js ([94m https://github.com/zloirock/core-js [96m) for polyfilling JavaScript standard library![0m

[96mThe project needs your help! Please consider supporting of core-js on Open Collective or Patreon: [0m
[96m>[94m https://opencollective.com/core-js [0m
[96m>[94m https://www.patreon.com/zloirock [0m

[96mAlso, the author of core-js ([94m https://github.com/zloirock [96m) is looking for a good job -)[0m


> node-sass@4.14.1 postinstall /var/www/Minds/front/node_modules/node-sass
> node scripts/build.js

Binary found at /var/www/Minds/front/node_modules/node-sass/vendor/linux_musl-x64-79/binding.node
Testing binary
Binary is fine

> @angular/cli@9.1.12 postinstall /var/www/Minds/front/node_modules/@angular/cli
> node ./bin/postinstall/script.js


> cypress@6.0.1 postinstall /var/www/Minds/front/node_modules/cypress
> node index.js --exec install


Cypress 6.0.1 is installed in /root/.cache/Cypress/6.0.1


> husky@3.1.0 postinstall /var/www/Minds/front/node_modules/husky
> opencollective-postinstall || exit 0

[96m[1mThank you for using husky![96m[1m
[0m[96mIf you rely on this package, please consider supporting our open collective:[22m[39m
> [94mhttps://opencollective.com/husky/donate[0m


> nodemon@2.0.6 postinstall /var/www/Minds/front/node_modules/nodemon
> node bin/postinstall || exit 0

npm WARN lifecycle minds@0.0.0~postinstall: cannot run in wd minds@0.0.0 node patch.js && ngcc (wd=/var/www/Minds/front)
npm WARN optional SKIPPING OPTIONAL DEPENDENCY: fsevents@1.2.13 (node_modules/webpack-dev-server/node_modules/fsevents):
npm WARN notsup SKIPPING OPTIONAL DEPENDENCY: Unsupported platform for fsevents@1.2.13: wanted {"os":"darwin","arch":"any"} (current: {"os":"linux","arch":"x64"})
npm WARN optional SKIPPING OPTIONAL DEPENDENCY: fsevents@1.2.13 (node_modules/watchpack-chokidar2/node_modules/fsevents):
npm WARN notsup SKIPPING OPTIONAL DEPENDENCY: Unsupported platform for fsevents@1.2.13: wanted {"os":"darwin","arch":"any"} (current: {"os":"linux","arch":"x64"})
npm WARN optional SKIPPING OPTIONAL DEPENDENCY: fsevents@1.2.13 (node_modules/karma/node_modules/fsevents):
npm WARN notsup SKIPPING OPTIONAL DEPENDENCY: Unsupported platform for fsevents@1.2.13: wanted {"os":"darwin","arch":"any"} (current: {"os":"linux","arch":"x64"})
npm WARN optional SKIPPING OPTIONAL DEPENDENCY: fsevents@1.2.13 (node_modules/glob-watcher/node_modules/fsevents):
npm WARN notsup SKIPPING OPTIONAL DEPENDENCY: Unsupported platform for fsevents@1.2.13: wanted {"os":"darwin","arch":"any"} (current: {"os":"linux","arch":"x64"})
npm WARN optional SKIPPING OPTIONAL DEPENDENCY: fsevents@2.1.3 (node_modules/fsevents):
npm WARN notsup SKIPPING OPTIONAL DEPENDENCY: Unsupported platform for fsevents@2.1.3: wanted {"os":"darwin","arch":"any"} (current: {"os":"linux","arch":"x64"})

added 3478 packages from 2485 contributors and audited 3491 packages in 56.468s

133 packages are looking for funding
  run `npm fund` for details

found 25 vulnerabilities (23 low, 2 high)
  run `npm audit fix` to fix them, or `npm audit` for details

> minds@0.0.0 prebuild:dev /var/www/Minds/front
> gulp build.sass --deploy-url=/

[05:19:38] Requiring external module ts-node/register
[05:19:40] Using gulpfile /var/www/Minds/front/gulpfile.ts
[05:19:40] Starting 'build.sass'...
[05:19:51] Finished 'build.sass' after 12 s

> minds@0.0.0 build:dev /var/www/Minds/front
> ng build --watch=true --poll=1000

[33mWarning:[0m Entry point '@ckeditor/ckeditor5-angular' contains deep imports into '/var/www/Minds/front/node_modules/@ckeditor/ckeditor5-watchdog/src/editorwatchdog'. This is probably not a problem, but may cause the compilation of entry points to be out of order.
[33mWarning:[0m Entry point '@locl/cli' contains deep imports into '/var/www/Minds/front/src/shims/noop'. This is probably not a problem, but may cause the compilation of entry points to be out of order.
[33mWarning:[0m Entry point '@nguniversal/common/engine' contains deep imports into '/var/www/Minds/front/src/shims/noop'. This is probably not a problem, but may cause the compilation of entry points to be out of order.
[33mWarning:[0m Entry point '@nguniversal/express-engine' contains deep imports into '/var/www/Minds/front/src/shims/noop'. This is probably not a problem, but may cause the compilation of entry points to be out of order.
[33mWarning:[0m Entry point '@nguniversal/socket-engine' contains deep imports into '/var/www/Minds/front/src/shims/noop'. This is probably not a problem, but may cause the compilation of entry points to be out of order.
Compiling @angular/core : module as esm5
Compiling @angular/animations : module as esm5
Compiling @angular/cdk/keycodes : module as esm5
Compiling @angular/compiler/testing : module as esm5
Compiling @angular/common : module as esm5
Compiling @angular/animations/browser : module as esm5
Compiling @angular/cdk/collections : module as esm5
Compiling @angular/cdk/observers : module as esm5
Compiling @angular/core/testing : module as esm5
Compiling @nguniversal/express-engine/tokens : module as esm5
Compiling @locl/cli : module as esm5
Compiling @angular/platform-browser : module as esm5
Compiling @angular/cdk/platform : module as esm5
Compiling @angular/common/http : module as esm5
Compiling @angular/cdk/bidi : module as esm5
Compiling @angular/cdk/a11y : module as esm5
Compiling @angular/forms : module as esm5
Compiling @angular/platform-browser-dynamic : module as esm5
Compiling @angular/platform-browser/animations : module as esm5
Compiling @angular/cdk/scrolling : module as esm5
Compiling @angular/platform-browser/testing : module as esm5
Compiling @angular/cdk/portal : module as esm5
Compiling @angular/platform-server : module as esm5
Compiling @angular/common/testing : module as esm5
Compiling @angular/router : module as esm5
Compiling @angular/animations/browser/testing : module as esm5
Compiling @angular/platform-browser-dynamic/testing : module as esm5
Compiling @angular/cdk/accordion : module as esm5
Compiling @angular/cdk/overlay : module as esm5
Compiling @angular/cdk/clipboard : module as esm5
Compiling @angular/cdk/drag-drop : module as esm5
Compiling @angular/cdk/layout : module as esm5
Compiling @nguniversal/common/engine : module as esm5
Compiling @angular/cdk/stepper : module as esm5
Compiling @angular/cdk/table : module as esm5
Compiling @angular/cdk/text-field : module as esm5
Compiling @angular/cdk/tree : module as esm5
Compiling @angular/common/http/testing : module as esm5
Compiling @angular/platform-server/testing : module as esm5
Compiling @angular/router/testing : module as esm5
Compiling @ckeditor/ckeditor5-angular : module as esm5
Compiling @danielmoncada/angular-datetime-picker : module as esm5
Compiling @gorniv/ngx-universal : module as esm5
Compiling @mindsorg/web3modal-angular : module as esm5
Compiling @nguniversal/common : module as esm5
Compiling @nguniversal/common/tokens : module as esm5
Compiling @nguniversal/express-engine : module as esm5
Compiling @nguniversal/module-map-ngfactory-loader : module as esm5
[33mWarning:[0m Invalid constructor parameter decorator in /var/www/Minds/front/node_modules/@mindsorg/web3modal-angular/fesm2015/mindsorg-web3modal-angular.js:
 () => [
    { type: undefined, decorators: [{ type: Optional }] }
]
Error: Error on worker #1: Error: getInternalNameOfClass() called on a non-ES5 class: expected Web3ModalService to have an inner class declaration
    at Esm5ReflectionHost.getInternalNameOfClass (/var/www/Minds/front/node_modules/@angular/compiler-cli/ngcc/src/host/esm5_host.js:88:23)
    at DelegatingReflectionHost.getInternalNameOfClass (/var/www/Minds/front/node_modules/@angular/compiler-cli/ngcc/src/host/delegating_host.js:89:34)
    at extractInjectableMetadata (/var/www/Minds/front/node_modules/@angular/compiler-cli/src/ngtsc/annotations/src/injectable.js:125:69)
    at InjectableDecoratorHandler.analyze (/var/www/Minds/front/node_modules/@angular/compiler-cli/src/ngtsc/annotations/src/injectable.js:66:24)
    at NgccTraitCompiler.TraitCompiler.analyzeTrait (/var/www/Minds/front/node_modules/@angular/compiler-cli/src/ngtsc/transform/src/compilation.js:345:40)
    at analyze (/var/www/Minds/front/node_modules/@angular/compiler-cli/src/ngtsc/transform/src/compilation.js:297:58)
    at _loop_1 (/var/www/Minds/front/node_modules/@angular/compiler-cli/src/ngtsc/transform/src/compilation.js:319:21)
    at NgccTraitCompiler.TraitCompiler.analyzeClass (/var/www/Minds/front/node_modules/@angular/compiler-cli/src/ngtsc/transform/src/compilation.js:325:35)
    at NgccTraitCompiler.analyzeFile (/var/www/Minds/front/node_modules/@angular/compiler-cli/ngcc/src/analysis/ngcc_trait_compiler.js:47:26)
    at DecorationAnalyzer.analyzeProgram (/var/www/Minds/front/node_modules/@angular/compiler-cli/ngcc/src/analysis/decoration_analyzer.js:134:39)
    at ClusterMaster.onWorkerMessage (/var/www/Minds/front/node_modules/@angular/compiler-cli/ngcc/src/execution/cluster/master.js:194:27)
    at /var/www/Minds/front/node_modules/@angular/compiler-cli/ngcc/src/execution/cluster/master.js:54:95
    at ClusterMaster.<anonymous> (/var/www/Minds/front/node_modules/@angular/compiler-cli/ngcc/src/execution/cluster/master.js:292:57)
    at step (/var/www/Minds/front/node_modules/tslib/tslib.js:141:27)
    at Object.next (/var/www/Minds/front/node_modules/tslib/tslib.js:122:57)
    at /var/www/Minds/front/node_modules/tslib/tslib.js:115:75
    at new Promise (<anonymous>)
    at Object.__awaiter (/var/www/Minds/front/node_modules/tslib/tslib.js:111:16)
    at EventEmitter.<anonymous> (/var/www/Minds/front/node_modules/@angular/compiler-cli/ngcc/src/execution/cluster/master.js:286:32)
    at EventEmitter.emit (events.js:315:20)
An unhandled exception occurred: NGCC failed.
See "/tmp/ng-paDGFh/angular-errors.log" for further details.
npm ERR! code ELIFECYCLE
npm ERR! syscall spawn
npm ERR! file sh
npm ERR! errno ENOENT
npm ERR! minds@0.0.0 build:dev: `ng build --watch=true --poll=1000`
npm ERR! spawn ENOENT
npm ERR! 
npm ERR! Failed at the minds@0.0.0 build:dev script.
npm ERR! This is probably not a problem with npm. There is likely additional logging output above.

npm ERR! A complete log of this run can be found in:
npm ERR!     /root/.npm/_logs/2020-12-18T05_20_14_963Z-debug.log
(node:505) UnhandledPromiseRejectionWarning: Error: write EPIPE
    at process.target._send (internal/child_process.js:811:20)
    at process.target.send (internal/child_process.js:682:19)
    at /var/www/Minds/front/node_modules/@angular/compiler-cli/ngcc/src/execution/cluster/utils.js:50:21
    at new Promise (<anonymous>)
    at Object.exports.sendMessageToMaster (/var/www/Minds/front/node_modules/@angular/compiler-cli/ngcc/src/execution/cluster/utils.js:45:16)
    at /var/www/Minds/front/node_modules/@angular/compiler-cli/ngcc/src/execution/cluster/worker.js:103:66
    at step (/var/www/Minds/front/node_modules/tslib/tslib.js:141:27)
    at Object.throw (/var/www/Minds/front/node_modules/tslib/tslib.js:122:57)
    at rejected (/var/www/Minds/front/node_modules/tslib/tslib.js:113:69)
    at processTicksAndRejections (internal/process/task_queues.js:97:5)
(Use `node --trace-warnings ...` to show where the warning was created)
(node:505) UnhandledPromiseRejectionWarning: Unhandled promise rejection. This error originated either by throwing inside of an async function without a catch block, or by rejecting a promise which was not handled with .catch(). To terminate the node process on unhandled promise rejection, use the CLI flag `--unhandled-rejections=strict` (see https://nodejs.org/api/cli.html#cli_unhandled_rejections_mode). (rejection id: 1)
(node:505) [DEP0018] DeprecationWarning: Unhandled promise rejections are deprecated. In the future, promise rejections that are not handled will terminate the Node.js process with a non-zero exit code.
(node:519) UnhandledPromiseRejectionWarning: Error: write EPIPE
    at process.target._send (internal/child_process.js:811:20)
    at process.target.send (internal/child_process.js:682:19)
    at /var/www/Minds/front/node_modules/@angular/compiler-cli/ngcc/src/execution/cluster/utils.js:50:21
    at new Promise (<anonymous>)
    at Object.exports.sendMessageToMaster (/var/www/Minds/front/node_modules/@angular/compiler-cli/ngcc/src/execution/cluster/utils.js:45:16)
    at /var/www/Minds/front/node_modules/@angular/compiler-cli/ngcc/src/execution/cluster/worker.js:103:66
    at step (/var/www/Minds/front/node_modules/tslib/tslib.js:141:27)
    at Object.throw (/var/www/Minds/front/node_modules/tslib/tslib.js:122:57)
    at rejected (/var/www/Minds/front/node_modules/tslib/tslib.js:113:69)
    at processTicksAndRejections (internal/process/task_queues.js:97:5)
(Use `node --trace-warnings ...` to show where the warning was created)
(node:519) UnhandledPromiseRejectionWarning: Unhandled promise rejection. This error originated either by throwing inside of an async function without a catch block, or by rejecting a promise which was not handled with .catch(). To terminate the node process on unhandled promise rejection, use the CLI flag `--unhandled-rejections=strict` (see https://nodejs.org/api/cli.html#cli_unhandled_rejections_mode). (rejection id: 1)
(node:519) [DEP0018] DeprecationWarning: Unhandled promise rejections are deprecated. In the future, promise rejections that are not handled will terminate the Node.js process with a non-zero exit code.
(node:498) UnhandledPromiseRejectionWarning: Error: write EPIPE
    at process.target._send (internal/child_process.js:811:20)
    at process.target.send (internal/child_process.js:682:19)
    at /var/www/Minds/front/node_modules/@angular/compiler-cli/ngcc/src/execution/cluster/utils.js:50:21
    at new Promise (<anonymous>)
    at Object.exports.sendMessageToMaster (/var/www/Minds/front/node_modules/@angular/compiler-cli/ngcc/src/execution/cluster/utils.js:45:16)
    at /var/www/Minds/front/node_modules/@angular/compiler-cli/ngcc/src/execution/cluster/worker.js:103:66
    at step (/var/www/Minds/front/node_modules/tslib/tslib.js:141:27)
    at Object.throw (/var/www/Minds/front/node_modules/tslib/tslib.js:122:57)
    at rejected (/var/www/Minds/front/node_modules/tslib/tslib.js:113:69)
    at processTicksAndRejections (internal/process/task_queues.js:97:5)
(Use `node --trace-warnings ...` to show where the warning was created)
(node:498) UnhandledPromiseRejectionWarning: Unhandled promise rejection. This error originated either by throwing inside of an async function without a catch block, or by rejecting a promise which was not handled with .catch(). To terminate the node process on unhandled promise rejection, use the CLI flag `--unhandled-rejections=strict` (see https://nodejs.org/api/cli.html#cli_unhandled_rejections_mode). (rejection id: 1)
(node:498) [DEP0018] DeprecationWarning: Unhandled promise rejections are deprecated. In the future, promise rejections that are not handled will terminate the Node.js process with a non-zero exit code.
(node:512) UnhandledPromiseRejectionWarning: Error: write EPIPE
    at process.target._send (internal/child_process.js:811:20)
    at process.target.send (internal/child_process.js:682:19)
    at /var/www/Minds/front/node_modules/@angular/compiler-cli/ngcc/src/execution/cluster/utils.js:50:21
    at new Promise (<anonymous>)
    at Object.exports.sendMessageToMaster (/var/www/Minds/front/node_modules/@angular/compiler-cli/ngcc/src/execution/cluster/utils.js:45:16)
    at /var/www/Minds/front/node_modules/@angular/compiler-cli/ngcc/src/execution/cluster/worker.js:103:66
    at step (/var/www/Minds/front/node_modules/tslib/tslib.js:141:27)
    at Object.throw (/var/www/Minds/front/node_modules/tslib/tslib.js:122:57)
    at rejected (/var/www/Minds/front/node_modules/tslib/tslib.js:113:69)
    at processTicksAndRejections (internal/process/task_queues.js:97:5)
(Use `node --trace-warnings ...` to show where the warning was created)
(node:512) UnhandledPromiseRejectionWarning: Unhandled promise rejection. This error originated either by throwing inside of an async function without a catch block, or by rejecting a promise which was not handled with .catch(). To terminate the node process on unhandled promise rejection, use the CLI flag `--unhandled-rejections=strict` (see https://nodejs.org/api/cli.html#cli_unhandled_rejections_mode). (rejection id: 1)
(node:512) [DEP0018] DeprecationWarning: Unhandled promise rejections are deprecated. In the future, promise rejections that are not handled will terminate the Node.js process with a non-zero exit code.
(node:533) UnhandledPromiseRejectionWarning: Error: write EPIPE
    at process.target._send (internal/child_process.js:811:20)
    at process.target.send (internal/child_process.js:682:19)
    at /var/www/Minds/front/node_modules/@angular/compiler-cli/ngcc/src/execution/cluster/utils.js:50:21
    at new Promise (<anonymous>)
    at Object.exports.sendMessageToMaster (/var/www/Minds/front/node_modules/@angular/compiler-cli/ngcc/src/execution/cluster/utils.js:45:16)
    at /var/www/Minds/front/node_modules/@angular/compiler-cli/ngcc/src/execution/cluster/worker.js:103:66
    at step (/var/www/Minds/front/node_modules/tslib/tslib.js:141:27)
    at Object.throw (/var/www/Minds/front/node_modules/tslib/tslib.js:122:57)
    at rejected (/var/www/Minds/front/node_modules/tslib/tslib.js:113:69)
    at processTicksAndRejections (internal/process/task_queues.js:97:5)
(Use `node --trace-warnings ...` to show where the warning was created)
(node:533) UnhandledPromiseRejectionWarning: Unhandled promise rejection. This error originated either by throwing inside of an async function without a catch block, or by rejecting a promise which was not handled with .catch(). To terminate the node process on unhandled promise rejection, use the CLI flag `--unhandled-rejections=strict` (see https://nodejs.org/api/cli.html#cli_unhandled_rejections_mode). (rejection id: 1)
(node:533) [DEP0018] DeprecationWarning: Unhandled promise rejections are deprecated. In the future, promise rejections that are not handled will terminate the Node.js process with a non-zero exit code.
(node:526) UnhandledPromiseRejectionWarning: Error: write EPIPE
    at process.target._send (internal/child_process.js:811:20)
    at process.target.send (internal/child_process.js:682:19)
    at /var/www/Minds/front/node_modules/@angular/compiler-cli/ngcc/src/execution/cluster/utils.js:50:21
    at new Promise (<anonymous>)
    at Object.exports.sendMessageToMaster (/var/www/Minds/front/node_modules/@angular/compiler-cli/ngcc/src/execution/cluster/utils.js:45:16)
    at /var/www/Minds/front/node_modules/@angular/compiler-cli/ngcc/src/execution/cluster/worker.js:103:66
    at step (/var/www/Minds/front/node_modules/tslib/tslib.js:141:27)
    at Object.throw (/var/www/Minds/front/node_modules/tslib/tslib.js:122:57)
    at rejected (/var/www/Minds/front/node_modules/tslib/tslib.js:113:69)
    at processTicksAndRejections (internal/process/task_queues.js:97:5)
(Use `node --trace-warnings ...` to show where the warning was created)
(node:526) UnhandledPromiseRejectionWarning: Unhandled promise rejection. This error originated either by throwing inside of an async function without a catch block, or by rejecting a promise which was not handled with .catch(). To terminate the node process on unhandled promise rejection, use the CLI flag `--unhandled-rejections=strict` (see https://nodejs.org/api/cli.html#cli_unhandled_rejections_mode). (rejection id: 1)
(node:526) [DEP0018] DeprecationWarning: Unhandled promise rejections are deprecated. In the future, promise rejections that are not handled will terminate the Node.js process with a non-zero exit code.
